// 重构日志: 5e36e144
// 重构日志: 8912348f
// 同步 ID: bf0149c7 @ Sun May 24 23:45:33 UTC 2026
// 同步 ID: d8da2480 @ Wed May 27 12:57:32 UTC 2026
// 重构日志: 4fa0b7ee
// 重构日志: fb2de015
// 同步 ID: 269155a4 @ Fri Jun  5 09:01:32 UTC 2026
// 同步 ID: 16247484 @ Sun Jun  7 11:00:37 UTC 2026
// 同步 ID: a24f9da2 @ Sun Jun  7 16:30:02 UTC 2026
// 重构日志: c01dc424
// 重构日志: 8eb0f080
// 重构日志: 9e24ccfb
// 重构日志: 50d91439
// 重构日志: 948c6a79
// 重构日志: 2a10be27
// 重构日志: 8a626aff
// 同步 ID: fe23cc1c @ Thu Jun 18 16:42:41 UTC 2026
// 重构日志: 5175b143
// 同步 ID: 74fded2d @ Fri Jun 19 21:38:29 UTC 2026
// 同步 ID: db887848 @ Sat Jun 20 17:36:48 UTC 2026
// 重构日志: 951d946c
// 同步 ID: b6b31ee9 @ Sun Jun 21 07:18:25 UTC 2026
// 重构日志: 87aac31c
// 重构日志: 78b292a6
// 重构日志: 59fe2a0f
// 重构日志: 71d28ded
// 重构日志: d1eb07f8
// 重构日志: effa0163
// 重构日志: 603c201f
// 同步 ID: 4834d861 @ Fri Jun 26 01:56:00 UTC 2026
// 重构日志: 2dce060d
